Using TensorFlow backend.
I tensorflow/stream_executor/dso_loader.cc:135] successfully opened CUDA library libcublas.so.8.0 locally
I tensorflow/stream_executor/dso_loader.cc:135] successfully opened CUDA library libcudnn.so.5 locally
I tensorflow/stream_executor/dso_loader.cc:135] successfully opened CUDA library libcufft.so.8.0 locally
I tensorflow/stream_executor/dso_loader.cc:135] successfully opened CUDA library libcuda.so.1 locally
I tensorflow/stream_executor/dso_loader.cc:135] successfully opened CUDA library libcurand.so.8.0 locally
I tensorflow/core/common_runtime/gpu/gpu_device.cc:885] Found device 0 with properties: 
name: GeForce GTX TITAN X
major: 5 minor: 2 memoryClockRate (GHz) 1.076
pciBusID 0000:02:00.0
Total memory: 11.95GiB
Free memory: 11.84GiB
W tensorflow/stream_executor/cuda/cuda_driver.cc:590] creating context when one is currently active; existing: 0x28812a0
I tensorflow/core/common_runtime/gpu/gpu_device.cc:885] Found device 1 with properties: 
name: GeForce GTX TITAN X
major: 5 minor: 2 memoryClockRate (GHz) 1.076
pciBusID 0000:03:00.0
Total memory: 11.95GiB
Free memory: 11.84GiB
W tensorflow/stream_executor/cuda/cuda_driver.cc:590] creating context when one is currently active; existing: 0x2818fc0
I tensorflow/core/common_runtime/gpu/gpu_device.cc:885] Found device 2 with properties: 
name: GeForce GTX TITAN X
major: 5 minor: 2 memoryClockRate (GHz) 1.076
pciBusID 0000:81:00.0
Total memory: 11.95GiB
Free memory: 11.84GiB
W tensorflow/stream_executor/cuda/cuda_driver.cc:590] creating context when one is currently active; existing: 0x27f4820
I tensorflow/core/common_runtime/gpu/gpu_device.cc:885] Found device 3 with properties: 
name: GeForce GTX TITAN X
major: 5 minor: 2 memoryClockRate (GHz) 1.076
pciBusID 0000:82:00.0
Total memory: 11.95GiB
Free memory: 11.84GiB
I tensorflow/core/common_runtime/gpu/gpu_device.cc:777] Peer access not supported between device ordinals 0 and 2
I tensorflow/core/common_runtime/gpu/gpu_device.cc:777] Peer access not supported between device ordinals 0 and 3
I tensorflow/core/common_runtime/gpu/gpu_device.cc:777] Peer access not supported between device ordinals 1 and 2
I tensorflow/core/common_runtime/gpu/gpu_device.cc:777] Peer access not supported between device ordinals 1 and 3
I tensorflow/core/common_runtime/gpu/gpu_device.cc:777] Peer access not supported between device ordinals 2 and 0
I tensorflow/core/common_runtime/gpu/gpu_device.cc:777] Peer access not supported between device ordinals 2 and 1
I tensorflow/core/common_runtime/gpu/gpu_device.cc:777] Peer access not supported between device ordinals 3 and 0
I tensorflow/core/common_runtime/gpu/gpu_device.cc:777] Peer access not supported between device ordinals 3 and 1
I tensorflow/core/common_runtime/gpu/gpu_device.cc:906] DMA: 0 1 2 3 
I tensorflow/core/common_runtime/gpu/gpu_device.cc:916] 0:   Y Y N N 
I tensorflow/core/common_runtime/gpu/gpu_device.cc:916] 1:   Y Y N N 
I tensorflow/core/common_runtime/gpu/gpu_device.cc:916] 2:   N N Y Y 
I tensorflow/core/common_runtime/gpu/gpu_device.cc:916] 3:   N N Y Y 
I tensorflow/core/common_runtime/gpu/gpu_device.cc:975] Creating TensorFlow device (/gpu:0) -> (device: 0, name: GeForce GTX TITAN X, pci bus id: 0000:02:00.0)
I tensorflow/core/common_runtime/gpu/gpu_device.cc:975] Creating TensorFlow device (/gpu:1) -> (device: 1, name: GeForce GTX TITAN X, pci bus id: 0000:03:00.0)
I tensorflow/core/common_runtime/gpu/gpu_device.cc:975] Creating TensorFlow device (/gpu:2) -> (device: 2, name: GeForce GTX TITAN X, pci bus id: 0000:81:00.0)
I tensorflow/core/common_runtime/gpu/gpu_device.cc:975] Creating TensorFlow device (/gpu:3) -> (device: 3, name: GeForce GTX TITAN X, pci bus id: 0000:82:00.0)
